<?xml version="1.0" encoding="UTF-8"?>
<coverage generated="1695346044605" clover="3.2.0">
  <project timestamp="1695346044605" name="All files">
    <metrics statements="38" coveredstatements="38" conditionals="2" coveredconditionals="2" methods="11" coveredmethods="11" elements="51" coveredelements="51" complexity="0" loc="38" ncloc="38" packages="1" files="3" classes="3"/>
    <file name="VegetablesCsvDAO.ts" path="C:\Users\aluno\Desktop\prova\src\daos\VegetablesCsvDAO.ts">
      <metrics statements="19" coveredstatements="19" conditionals="2" coveredconditionals="2" methods="3" coveredmethods="3"/>
      <line num="2" count="1" type="stmt"/>
      <line num="4" count="1" type="stmt"/>
      <line num="6" count="1" type="stmt"/>
      <line num="7" count="1" type="stmt"/>
      <line num="9" count="1" type="stmt"/>
      <line num="10" count="22" type="stmt"/>
      <line num="16" count="22" type="stmt"/>
      <line num="17" count="22" type="stmt"/>
      <line num="18" count="22" type="stmt"/>
      <line num="19" count="22" type="stmt"/>
      <line num="20" count="44" type="stmt"/>
      <line num="22" count="22" type="stmt"/>
      <line num="23" count="44" type="stmt"/>
      <line num="24" count="44" type="cond" truecount="2" falsecount="0"/>
      <line num="25" count="22" type="stmt"/>
      <line num="26" count="22" type="stmt"/>
      <line num="27" count="22" type="stmt"/>
      <line num="29" count="22" type="stmt"/>
      <line num="30" count="22" type="stmt"/>
    </file>
    <file name="VegetablesDAO.ts" path="C:\Users\aluno\Desktop\prova\src\daos\VegetablesDAO.ts">
      <metrics statements="14" coveredstatements="14" conditionals="0" coveredconditionals="0" methods="7" coveredmethods="7"/>
      <line num="1" count="2" type="stmt"/>
      <line num="3" count="2" type="stmt"/>
      <line num="5" count="2" type="stmt"/>
      <line num="10" count="2" type="stmt"/>
      <line num="11" count="2" type="stmt"/>
      <line num="12" count="2" type="stmt"/>
      <line num="16" count="2" type="stmt"/>
      <line num="17" count="2" type="stmt"/>
      <line num="21" count="2" type="stmt"/>
      <line num="22" count="2" type="stmt"/>
      <line num="24" count="2" type="stmt"/>
      <line num="27" count="2" type="stmt"/>
      <line num="28" count="2" type="stmt"/>
      <line num="30" count="2" type="stmt"/>
    </file>
    <file name="VegetablesJsonDAO.ts" path="C:\Users\aluno\Desktop\prova\src\daos\VegetablesJsonDAO.ts">
      <metrics statements="5" coveredstatements="5" conditionals="0" coveredconditionals="0" methods="1" coveredmethods="1"/>
      <line num="3" count="1" type="stmt"/>
      <line num="5" count="1" type="stmt"/>
      <line num="7" count="1" type="stmt"/>
      <line num="8" count="1" type="stmt"/>
      <line num="9" count="1" type="stmt"/>
    </file>
  </project>
</coverage>
