TN:
SF:src\daos\VegetablesCsvDAO.ts
FN:5,(anonymous_0)
FN:9,(anonymous_1)
FN:22,(anonymous_2)
FNF:3
FNH:3
FNDA:1,(anonymous_0)
FNDA:22,(anonymous_1)
FNDA:44,(anonymous_2)
DA:2,1
DA:4,1
DA:6,1
DA:7,1
DA:9,1
DA:10,22
DA:16,22
DA:17,22
DA:18,22
DA:19,22
DA:20,44
DA:22,22
DA:23,44
DA:24,44
DA:25,22
DA:26,22
DA:27,22
DA:29,22
DA:30,22
LF:19
LH:19
BRDA:24,0,0,22
BRDA:24,0,1,22
BRF:2
BRH:2
end_of_record
TN:
SF:src\daos\VegetablesDAO.ts
FN:9,(anonymous_0)
FN:15,(anonymous_1)
FN:16,(anonymous_2)
FN:20,(anonymous_3)
FN:22,(anonymous_4)
FN:26,(anonymous_5)
FN:28,(anonymous_6)
FNF:7
FNH:7
FNDA:2,(anonymous_0)
FNDA:2,(anonymous_1)
FNDA:2,(anonymous_2)
FNDA:2,(anonymous_3)
FNDA:2,(anonymous_4)
FNDA:2,(anonymous_5)
FNDA:2,(anonymous_6)
DA:1,2
DA:3,2
DA:5,2
DA:10,2
DA:11,2
DA:12,2
DA:16,2
DA:17,2
DA:21,2
DA:22,2
DA:24,2
DA:27,2
DA:28,2
DA:30,2
LF:14
LH:14
BRF:0
BRH:0
end_of_record
TN:
SF:src\daos\VegetablesJsonDAO.ts
FN:6,(anonymous_0)
FNF:1
FNH:1
FNDA:1,(anonymous_0)
DA:3,1
DA:5,1
DA:7,1
DA:8,1
DA:9,1
LF:5
LH:5
BRF:0
BRH:0
end_of_record
